[debug] [2020-03-26T08:42:35.479Z] ----------------------------------------------------------------------
[debug] [2020-03-26T08:42:35.481Z] Command:       /home/pacific9/.nvm/versions/node/v12.16.1/bin/node /home/pacific9/.nvm/versions/node/v12.16.1/bin/firebase deploy
[debug] [2020-03-26T08:42:35.481Z] CLI Version:   7.16.0
[debug] [2020-03-26T08:42:35.481Z] Platform:      linux
[debug] [2020-03-26T08:42:35.481Z] Node Version:  v12.16.1
[debug] [2020-03-26T08:42:35.482Z] Time:          Thu Mar 26 2020 17:42:35 GMT+0900 (Korean Standard Time)
[debug] [2020-03-26T08:42:35.482Z] ----------------------------------------------------------------------
[debug] [2020-03-26T08:42:35.482Z] 
[debug] [2020-03-26T08:42:35.490Z] > command requires scopes: ["email","openid","https://www.googleapis.com/auth/cloudplatformprojects.readonly","https://www.googleapis.com/auth/firebase","https://www.googleapis.com/auth/cloud-platform"]
[debug] [2020-03-26T08:42:35.490Z] > authorizing via signed-in user
[debug] [2020-03-26T08:42:35.490Z] [iam] checking project fir-4-c4862 for permissions ["cloudfunctions.functions.create","cloudfunctions.functions.delete","cloudfunctions.functions.get","cloudfunctions.functions.list","cloudfunctions.functions.update","cloudfunctions.operations.get","datastore.indexes.create","datastore.indexes.delete","datastore.indexes.list","datastore.indexes.update","firebase.projects.get","firebasedatabase.instances.update","firebasehosting.sites.update","firebaserules.releases.create","firebaserules.releases.update","firebaserules.rulesets.create"]
[debug] [2020-03-26T08:42:35.493Z] >>> HTTP REQUEST POST https://cloudresourcemanager.googleapis.com/v1/projects/fir-4-c4862:testIamPermissions  

[debug] [2020-03-26T08:42:36.130Z] <<< HTTP RESPONSE 200
[debug] [2020-03-26T08:42:36.132Z] >>> HTTP REQUEST GET https://firebase.googleapis.com/v1beta1/projects/fir-4-c4862  
 
[debug] [2020-03-26T08:42:36.779Z] <<< HTTP RESPONSE 200
[info] 
[info] === Deploying to 'fir-4-c4862'...
[info] 
[info] i  deploying database, storage, firestore, functions, hosting
[info] i  database: checking rules syntax...
[debug] [2020-03-26T08:42:39.127Z] >>> HTTP REQUEST PUT https://fir-4-c4862.firebaseio.com/.settings/rules.json?dryRun=true  
 {
  "rules": {
    ".read": true,
    ".write": true
  }
}
[debug] [2020-03-26T08:42:39.956Z] <<< HTTP RESPONSE 200
[info] ✔  database: rules syntax for database fir-4-c4862 is valid
[debug] [2020-03-26T08:42:39.959Z] >>> HTTP REQUEST GET https://appengine.googleapis.com/v1/apps/fir-4-c4862  
 
[debug] [2020-03-26T08:42:40.768Z] <<< HTTP RESPONSE 200
[info] i  firebase.storage: checking storage.rules for compilation errors...
[debug] [2020-03-26T08:42:40.772Z] >>> HTTP REQUEST POST https://firebaserules.googleapis.com/v1/projects/fir-4-c4862:test  

[debug] [2020-03-26T08:42:42.200Z] <<< HTTP RESPONSE 200
[warn] ⚠  [W] undefined:undefined - Ruleset uses old version (version [1]). Please update to the latest version (version [2]).
[info] ✔  firebase.storage: rules file storage.rules compiled successfully
[info] i  firestore: reading indexes from firestore.indexes.json...
[info] i  cloud.firestore: checking firestore.rules for compilation errors...
[debug] [2020-03-26T08:42:42.206Z] >>> HTTP REQUEST POST https://firebaserules.googleapis.com/v1/projects/fir-4-c4862:test  

[debug] [2020-03-26T08:42:43.590Z] <<< HTTP RESPONSE 200
[info] ✔  cloud.firestore: rules file firestore.rules compiled successfully
[debug] [2020-03-26T08:42:43.594Z] > [functions] package.json contents: {
  "name": "functions",
  "description": "Cloud Functions for Firebase",
  "scripts": {
    "serve": "firebase emulators:start --only functions",
    "shell": "firebase functions:shell",
    "start": "npm run shell",
    "deploy": "firebase deploy --only functions",
    "logs": "firebase functions:log"
  },
  "engines": {
    "node": "8"
  },
  "dependencies": {
    "busboy": "^0.3.1",
    "cookie-parser": "~1.4.4",
    "dateformat": "^3.0.3",
    "debug": "~2.6.9",
    "ejs": "^3.0.1",
    "express": "^4.17.1",
    "firebase": "^7.12.0",
    "firebase-admin": "^8.6.0",
    "firebase-functions": "^3.3.0",
    "firebase-tools": "^7.16.1",
    "http-errors": "~1.6.3",
    "morgan": "~1.9.1",
    "multer": "^1.4.2",
    "nodemon": "^2.0.2"
  },
  "devDependencies": {
    "firebase-functions-test": "^0.1.6"
  },
  "private": true
}
[info] i  functions: ensuring necessary APIs are enabled...
[debug] [2020-03-26T08:42:43.597Z] >>> HTTP REQUEST GET https://serviceusage.googleapis.com/v1/projects/fir-4-c4862/services/cloudfunctions.googleapis.com  
 
[debug] [2020-03-26T08:42:43.598Z] >>> HTTP REQUEST GET https://serviceusage.googleapis.com/v1/projects/fir-4-c4862/services/runtimeconfig.googleapis.com  
 
[debug] [2020-03-26T08:42:44.834Z] <<< HTTP RESPONSE 200
[debug] [2020-03-26T08:42:44.881Z] <<< HTTP RESPONSE 200
[info] ✔  functions: all necessary APIs are enabled
[debug] [2020-03-26T08:42:44.883Z] >>> HTTP REQUEST GET https://firebase.googleapis.com/v1beta1/projects/fir-4-c4862/adminSdkConfig  
 
[debug] [2020-03-26T08:42:45.350Z] <<< HTTP RESPONSE 200
[debug] [2020-03-26T08:42:45.353Z] >>> HTTP REQUEST POST https://firebasehosting.googleapis.com/v1beta1/sites/fir-4-c4862/versions  

[debug] [2020-03-26T08:42:46.832Z] <<< HTTP RESPONSE 200
[debug] [2020-03-26T08:42:46.837Z] >>> HTTP REQUEST GET https://firebaserules.googleapis.com/v1/projects/fir-4-c4862/releases?pageSize=10&pageToken=  
 
[debug] [2020-03-26T08:42:47.272Z] <<< HTTP RESPONSE 200
[debug] [2020-03-26T08:42:47.275Z] >>> HTTP REQUEST GET https://firebaserules.googleapis.com/v1/projects/fir-4-c4862/rulesets/3fefd4ee-9a38-4815-b7b8-cdcc775929c4  
 
[debug] [2020-03-26T08:42:48.645Z] <<< HTTP RESPONSE 200
[info] i  storage: latest version of storage.rules already up to date, skipping upload...
[debug] [2020-03-26T08:42:48.651Z] >>> HTTP REQUEST GET https://firebaserules.googleapis.com/v1/projects/fir-4-c4862/releases?pageSize=10&pageToken=  
 
[debug] [2020-03-26T08:42:48.651Z] >>> HTTP REQUEST GET https://firestore.googleapis.com/v1beta2/projects/fir-4-c4862/databases/(default)/collectionGroups/-/indexes  
 
[debug] [2020-03-26T08:42:49.344Z] <<< HTTP RESPONSE 200
[debug] [2020-03-26T08:42:49.346Z] >>> HTTP REQUEST GET https://firestore.googleapis.com/v1beta2/projects/fir-4-c4862/databases/(default)/collectionGroups/-/fields?filter=indexConfig.usesAncestorConfig=false  
 
[debug] [2020-03-26T08:42:49.930Z] <<< HTTP RESPONSE 200
[info] ✔  firestore: deployed indexes in firestore.indexes.json successfully
[debug] [2020-03-26T08:42:50.015Z] <<< HTTP RESPONSE 200
[debug] [2020-03-26T08:42:50.017Z] >>> HTTP REQUEST GET https://firebaserules.googleapis.com/v1/projects/fir-4-c4862/rulesets/6b4b1c00-c21b-4fbd-aafe-1b0ad2c26ab0  
 
[debug] [2020-03-26T08:42:51.379Z] <<< HTTP RESPONSE 200
[info] i  firestore: latest version of firestore.rules already up to date, skipping upload...
[info] i  functions: preparing functions directory for uploading...
[debug] [2020-03-26T08:42:51.385Z] >>> HTTP REQUEST GET https://runtimeconfig.googleapis.com/v1beta1/projects/fir-4-c4862/configs  
 
[debug] [2020-03-26T08:42:51.884Z] <<< HTTP RESPONSE 200
[info] i  functions: packaged functions (79.31 KB) for uploading
[debug] [2020-03-26T08:42:52.286Z] >>> HTTP REQUEST POST https://cloudfunctions.googleapis.com/v1/projects/fir-4-c4862/locations/us-central1/functions:generateUploadUrl  
 
[debug] [2020-03-26T08:42:53.154Z] <<< HTTP RESPONSE 200
[debug] [2020-03-26T08:42:53.156Z] >>> HTTP REQUEST PUT https://storage.googleapis.com/gcf-upload-us-central1-aa9613c7-8638-4ff3-882a-72eb85f13afa/bacdcb5f-18e5-4b70-87cc-5cdcacb14eca.zip?GoogleAccessId=service-700177549684@gcf-admin-robot.iam.gserviceaccount.com&Expires=1585213972&Signature=zxTcm6z7ZQ6VYXbGjrPhVGjWnJv57PSVh1lbGYotEjVR8saLLWWT0faSyWE0gWhM7v3TqobKCwBYbYfLA9KfEk9Zbeizxv1o0ImsF7oVwur5rTz3TUO7inHm5NahXqPM92AQ8JJak0PrFWGA%2FbllGHxOxoelChI90CpJvJKo14N0zbHs9WnvJRQFcu1jPqV1n95cN8QrPOpPtl19R3hREB%2FMk4iyBA2IVfVYOyjncx6FV0GNv%2FvY6bBjJuEd9EQ9B1NT%2FYraJfAZWSrpwNXNZvfo7sjWrBVAKljAQcoDdYqrGrlq0XRTwZfarblJ3hE4a5Nd0PepFDS%2BgoI1t97C5A%3D%3D  
 <request body omitted>
[debug] [2020-03-26T08:42:54.018Z] <<< HTTP RESPONSE 200
[info] ✔  functions: functions folder uploaded successfully
[info] i  hosting[fir-4-c4862]: beginning deploy...
[info] i  hosting[fir-4-c4862]: found 2 files in public
[debug] [2020-03-26T08:42:54.034Z] [hosting] hash cache [cHVibGlj] stored for 2 files
[debug] [2020-03-26T08:42:54.034Z] [hosting][hash queue][FINAL]
[debug] [2020-03-26T08:42:54.034Z] >>> HTTP REQUEST POST https://firebasehosting.googleapis.com/v1beta1/sites/fir-4-c4862/versions/b4fe2fe9bf200004:populateFiles  
 <request body omitted>
[debug] [2020-03-26T08:42:55.386Z] <<< HTTP RESPONSE 200
[debug] [2020-03-26T08:42:55.388Z] [hosting][populate queue][FINAL]
[debug] [2020-03-26T08:42:55.388Z] [hosting] uploads queued: 0
[debug] [2020-03-26T08:42:55.388Z] [hosting][upload queue][FINAL]
[info] ✔  hosting[fir-4-c4862]: file upload complete
[debug] [2020-03-26T08:42:55.389Z] [hosting] deploy completed after 1369ms
[info] i  database: releasing rules...
[debug] [2020-03-26T08:42:55.616Z] >>> HTTP REQUEST PUT https://fir-4-c4862.firebaseio.com/.settings/rules.json  
 {
  "rules": {
    ".read": true,
    ".write": true
  }
}
[debug] [2020-03-26T08:42:56.545Z] <<< HTTP RESPONSE 200
[info] ✔  database: rules for database fir-4-c4862 released successfully
[debug] [2020-03-26T08:42:56.548Z] [rules] releasing firebase.storage/fir-4-c4862.appspot.com with ruleset projects/fir-4-c4862/rulesets/3fefd4ee-9a38-4815-b7b8-cdcc775929c4
[debug] [2020-03-26T08:42:56.549Z] >>> HTTP REQUEST PATCH https://firebaserules.googleapis.com/v1/projects/fir-4-c4862/releases/firebase.storage/fir-4-c4862.appspot.com  

[debug] [2020-03-26T08:42:57.940Z] <<< HTTP RESPONSE 200
[debug] [2020-03-26T08:42:57.941Z] [rules] updated release projects/fir-4-c4862/releases/firebase.storage/fir-4-c4862.appspot.com
[info] ✔  storage: released rules storage.rules to firebase.storage
[debug] [2020-03-26T08:42:57.942Z] [rules] releasing cloud.firestore with ruleset projects/fir-4-c4862/rulesets/6b4b1c00-c21b-4fbd-aafe-1b0ad2c26ab0
[debug] [2020-03-26T08:42:57.943Z] >>> HTTP REQUEST PATCH https://firebaserules.googleapis.com/v1/projects/fir-4-c4862/releases/cloud.firestore  

[debug] [2020-03-26T08:42:59.337Z] <<< HTTP RESPONSE 200
[debug] [2020-03-26T08:42:59.338Z] [rules] updated release projects/fir-4-c4862/releases/cloud.firestore
[info] ✔  firestore: released rules firestore.rules to cloud.firestore
[debug] [2020-03-26T08:42:59.340Z] >>> HTTP REQUEST GET https://cloudfunctions.googleapis.com/v1/projects/fir-4-c4862/locations/-/functions  
 
[debug] [2020-03-26T08:42:59.922Z] <<< HTTP RESPONSE 200
[info] i  functions: updating Node.js 8 function api(us-central1)...
[debug] [2020-03-26T08:42:59.927Z] Trigger is:  {"httpsTrigger":{}}
[debug] [2020-03-26T08:42:59.929Z] >>> HTTP REQUEST GET https://serviceusage.googleapis.com/v1/projects/fir-4-c4862/services/cloudscheduler.googleapis.com  
 
[debug] [2020-03-26T08:43:01.107Z] <<< HTTP RESPONSE 200
[debug] [2020-03-26T08:43:01.110Z] >>> HTTP REQUEST PATCH https://cloudfunctions.googleapis.com/v1/projects/fir-4-c4862/locations/us-central1/functions/api {"updateMask":"sourceUploadUrl,name,labels,runtime,httpsTrigger"} 

[debug] [2020-03-26T08:43:01.818Z] <<< HTTP RESPONSE 200
[debug] [2020-03-26T08:43:01.821Z] >>> HTTP REQUEST GET https://cloudfunctions.googleapis.com/v1/projects/fir-4-c4862/locations/-/functions  
 
[debug] [2020-03-26T08:43:02.420Z] <<< HTTP RESPONSE 200
[debug] [2020-03-26T08:43:02.423Z] >>> HTTP REQUEST GET https://cloudfunctions.googleapis.com/v1/operations/ZmlyLTQtYzQ4NjIvdXMtY2VudHJhbDEvYXBpL2JxQmFpQXBoaWdV  
 
[debug] [2020-03-26T08:43:02.938Z] <<< HTTP RESPONSE 200
[debug] [2020-03-26T08:43:04.940Z] >>> HTTP REQUEST GET https://cloudfunctions.googleapis.com/v1/operations/ZmlyLTQtYzQ4NjIvdXMtY2VudHJhbDEvYXBpL2JxQmFpQXBoaWdV  
 
[debug] [2020-03-26T08:43:05.376Z] <<< HTTP RESPONSE 200
[debug] [2020-03-26T08:43:07.378Z] >>> HTTP REQUEST GET https://cloudfunctions.googleapis.com/v1/operations/ZmlyLTQtYzQ4NjIvdXMtY2VudHJhbDEvYXBpL2JxQmFpQXBoaWdV  
 
[debug] [2020-03-26T08:43:07.854Z] <<< HTTP RESPONSE 200
[debug] [2020-03-26T08:43:09.858Z] >>> HTTP REQUEST GET https://cloudfunctions.googleapis.com/v1/operations/ZmlyLTQtYzQ4NjIvdXMtY2VudHJhbDEvYXBpL2JxQmFpQXBoaWdV  
 
[debug] [2020-03-26T08:43:10.379Z] <<< HTTP RESPONSE 200
[debug] [2020-03-26T08:43:12.383Z] >>> HTTP REQUEST GET https://cloudfunctions.googleapis.com/v1/operations/ZmlyLTQtYzQ4NjIvdXMtY2VudHJhbDEvYXBpL2JxQmFpQXBoaWdV  
 
[debug] [2020-03-26T08:43:12.973Z] <<< HTTP RESPONSE 200
[debug] [2020-03-26T08:43:14.977Z] >>> HTTP REQUEST GET https://cloudfunctions.googleapis.com/v1/operations/ZmlyLTQtYzQ4NjIvdXMtY2VudHJhbDEvYXBpL2JxQmFpQXBoaWdV  
 
[debug] [2020-03-26T08:43:15.479Z] <<< HTTP RESPONSE 200
[debug] [2020-03-26T08:43:17.489Z] >>> HTTP REQUEST GET https://cloudfunctions.googleapis.com/v1/operations/ZmlyLTQtYzQ4NjIvdXMtY2VudHJhbDEvYXBpL2JxQmFpQXBoaWdV  
 
[debug] [2020-03-26T08:43:18.005Z] <<< HTTP RESPONSE 200
[debug] [2020-03-26T08:43:20.008Z] >>> HTTP REQUEST GET https://cloudfunctions.googleapis.com/v1/operations/ZmlyLTQtYzQ4NjIvdXMtY2VudHJhbDEvYXBpL2JxQmFpQXBoaWdV  
 
[debug] [2020-03-26T08:43:20.477Z] <<< HTTP RESPONSE 200
[debug] [2020-03-26T08:43:22.481Z] >>> HTTP REQUEST GET https://cloudfunctions.googleapis.com/v1/operations/ZmlyLTQtYzQ4NjIvdXMtY2VudHJhbDEvYXBpL2JxQmFpQXBoaWdV  
 
